Flutter crash report.
Please report a bug at https://github.com/flutter/flutter/issues.

## command

flutter --no-color run --machine --track-widget-creation --device-id=RZCRA0504SD --start-paused --dart-define=flutter.inspector.structuredErrors=true lib\main.dart

## exception

ProcessException: ProcessException: The directory name is invalid.

Working directory: "F:\flutter\code\stress_shield" (does not exist)
pub env: {
  "FLUTTER_ROOT": "C:\src\flutter",
  "PUB_ENVIRONMENT": "flutter_cli:verify:run",
}

  Command: C:\src\flutter\bin\cache\dart-sdk\bin\dart.EXE pub --suppress-analytics --directory . get --example

```
#0      _DefaultPub._runWithStdioInherited (package:flutter_tools/src/dart/pub.dart:423:9)
<asynchronous suspension>
#1      _DefaultPub.get (package:flutter_tools/src/dart/pub.dart:323:5)
<asynchronous suspension>
#2      FlutterCommand.verifyThenRunCommand (package:flutter_tools/src/runner/flutter_command.dart:1660:7)
<asynchronous suspension>
#3      FlutterCommand.run.<anonymous closure> (package:flutter_tools/src/runner/flutter_command.dart:1367:27)
<asynchronous suspension>
#4      AppContext.run.<anonymous closure> (package:flutter_tools/src/base/context.dart:150:19)
<asynchronous suspension>
#5      CommandRunner.runCommand (package:args/command_runner.dart:212:13)
<asynchronous suspension>
#6      FlutterCommandRunner.runCommand.<anonymous closure> (package:flutter_tools/src/runner/flutter_command_runner.dart:348:9)
<asynchronous suspension>
#7      AppContext.run.<anonymous closure> (package:flutter_tools/src/base/context.dart:150:19)
<asynchronous suspension>
#8      FlutterCommandRunner.runCommand (package:flutter_tools/src/runner/flutter_command_runner.dart:294:5)
<asynchronous suspension>
#9      run.<anonymous closure>.<anonymous closure> (package:flutter_tools/runner.dart:112:9)
<asynchronous suspension>
#10     AppContext.run.<anonymous closure> (package:flutter_tools/src/base/context.dart:150:19)
<asynchronous suspension>
#11     main (package:flutter_tools/executable.dart:90:3)
<asynchronous suspension>
```

## flutter doctor

```
[✓] Flutter (Channel stable, 3.16.9, on Microsoft Windows [Version 10.0.22631.3085], locale en-IN)
    • Flutter version 3.16.9 on channel stable at C:\src\flutter
    • Upstream repository https://github.com/flutter/flutter.git
    • Framework revision 41456452f2 (12 days ago), 2024-01-25 10:06:23 -0800
    • Engine revision f40e976bed
    • Dart version 3.2.6
    • DevTools version 2.28.5

[✓] Windows Version (Installed version of Windows is version 10 or higher)

[✓] Android toolchain - develop for Android devices (Android SDK version 33.0.2)
    • Android SDK at C:/Users/Prathamesh Malode/AppData/Local/Android/Sdk
    • Platform android-33, build-tools 33.0.2
    • ANDROID_HOME = C:/Users/Prathamesh Malode/AppData/Local/Android/Sdk
    • Java binary at: C:\Program Files\Android\Android Studio\jbr\bin\java
    • Java version OpenJDK Runtime Environment (build 17.0.7+0-b2043.56-10550314)
    • All Android licenses accepted.

[✓] Chrome - develop for the web
    • Chrome at C:\Program Files\Google\Chrome\Application\chrome.exe

[!] Visual Studio - develop Windows apps (Visual Studio Build Tools 2019 16.11.26)
    • Visual Studio at C:\Program Files (x86)\Microsoft Visual Studio\2019\BuildTools
    • Visual Studio Build Tools 2019 version 16.11.33529.622
    • Windows 10 SDK version 10.0.19041.0
    ✗ The current Visual Studio installation is incomplete.
      Please use Visual Studio Installer to complete the installation or reinstall Visual Studio.

[✓] Android Studio (version 2023.1)
    • Android Studio at C:\Program Files\Android\Android Studio
    • Flutter plugin can be installed from:
      🔨 https://plugins.jetbrains.com/plugin/9212-flutter
    • Dart plugin can be installed from:
      🔨 https://plugins.jetbrains.com/plugin/6351-dart
    • Java version OpenJDK Runtime Environment (build 17.0.7+0-b2043.56-10550314)

[✓] IntelliJ IDEA Community Edition (version 2023.2)
    • IntelliJ at C:\Program Files\JetBrains\IntelliJ IDEA Community Edition 2023.1
    • Flutter plugin can be installed from:
      🔨 https://plugins.jetbrains.com/plugin/9212-flutter
    • Dart plugin can be installed from:
      🔨 https://plugins.jetbrains.com/plugin/6351-dart

[✓] VS Code (version 1.86.0)
    • VS Code at C:\Users\Prathamesh Malode\AppData\Local\Programs\Microsoft VS Code
    • Flutter extension version 3.82.0

[✓] Connected device (4 available)
    • SM M326B (mobile) • RZCRA0504SD • android-arm64  • Android 13 (API 33)
    • Windows (desktop) • windows     • windows-x64    • Microsoft Windows [Version 10.0.22631.3085]
    • Chrome (web)      • chrome      • web-javascript • Google Chrome 121.0.6167.140
    • Edge (web)        • edge        • web-javascript • Microsoft Edge 121.0.2277.98

[✓] Network resources
    • All expected network resources are available.

! Doctor found issues in 1 category.
```
